[0.609s] DEBUG:colcon:Command line arguments: ['/usr/bin/colcon', 'build']
[0.609s] DEBUG:colcon:Parsed command line arguments: Namespace(log_base=None, log_level=None, verb_name='build', build_base='build', install_base='install', merge_install=False, symlink_install=False, test_result_base=None, continue_on_error=False, executor='parallel', parallel_workers=3, event_handlers=None, ignore_user_meta=False, metas=['./colcon.meta'], base_paths=['.'], packages_ignore=None, packages_ignore_regex=None, paths=None, packages_up_to=None, packages_up_to_regex=None, packages_above=None, packages_above_and_dependencies=None, packages_above_depth=None, packages_select_by_dep=None, packages_skip_by_dep=None, packages_skip_up_to=None, packages_select_build_failed=False, packages_skip_build_finished=False, packages_select_test_failures=False, packages_skip_test_passed=False, packages_select=None, packages_skip=None, packages_select_regex=None, packages_skip_regex=None, packages_start=None, packages_end=None, allow_overriding=[], cmake_args=None, cmake_target=None, cmake_target_skip_unavailable=False, cmake_clean_cache=False, cmake_clean_first=False, cmake_force_configure=False, ament_cmake_args=None, catkin_cmake_args=None, catkin_skip_building_tests=False, verb_parser=<colcon_defaults.argument_parser.defaults.DefaultArgumentsDecorator object at 0x7f32a0da7640>, verb_extension=<colcon_core.verb.build.BuildVerb object at 0x7f32a0da70d0>, main=<bound method BuildVerb.main of <colcon_core.verb.build.BuildVerb object at 0x7f32a0da70d0>>)
[0.696s] Level 1:colcon.colcon_core.package_discovery:discover_packages(colcon_meta) check parameters
[0.697s] Level 1:colcon.colcon_core.package_discovery:discover_packages(recursive) check parameters
[0.697s] Level 1:colcon.colcon_core.package_discovery:discover_packages(ignore) check parameters
[0.697s] Level 1:colcon.colcon_core.package_discovery:discover_packages(path) check parameters
[0.697s] Level 1:colcon.colcon_core.package_discovery:discover_packages(colcon_meta) discover
[0.697s] Level 1:colcon.colcon_core.package_discovery:discover_packages(recursive) discover
[0.697s] INFO:colcon.colcon_core.package_discovery:Crawling recursively for packages in '/home/adam/projekt_turtlesim'
[0.698s] Level 1:colcon.colcon_core.package_identification:_identify(.) by extensions ['ignore', 'ignore_ament_install']
[0.698s] Level 1:colcon.colcon_core.package_identification:_identify(.) by extension 'ignore'
[0.698s] Level 1:colcon.colcon_core.package_identification:_identify(.) by extension 'ignore_ament_install'
[0.698s] Level 1:colcon.colcon_core.package_identification:_identify(.) by extensions ['colcon_pkg']
[0.699s] Level 1:colcon.colcon_core.package_identification:_identify(.) by extension 'colcon_pkg'
[0.699s] Level 1:colcon.colcon_core.package_identification:_identify(.) by extensions ['colcon_meta']
[0.699s] Level 1:colcon.colcon_core.package_identification:_identify(.) by extension 'colcon_meta'
[0.699s] Level 1:colcon.colcon_core.package_identification:_identify(.) by extensions ['ros']
[0.699s] Level 1:colcon.colcon_core.package_identification:_identify(.) by extension 'ros'
[0.739s] Level 1:colcon.colcon_core.package_identification:_identify(.) by extensions ['cmake', 'python']
[0.740s] Level 1:colcon.colcon_core.package_identification:_identify(.) by extension 'cmake'
[0.740s] Level 1:colcon.colcon_core.package_identification:_identify(.) by extension 'python'
[0.740s] Level 1:colcon.colcon_core.package_identification:_identify(.) by extensions ['python_setup_py']
[0.740s] Level 1:colcon.colcon_core.package_identification:_identify(.) by extension 'python_setup_py'
[0.741s] Level 1:colcon.colcon_core.package_identification:_identify(build) by extensions ['ignore', 'ignore_ament_install']
[0.741s] Level 1:colcon.colcon_core.package_identification:_identify(build) by extension 'ignore'
[0.741s] Level 1:colcon.colcon_core.package_identification:_identify(build) ignored
[0.741s] Level 1:colcon.colcon_core.package_identification:_identify(install) by extensions ['ignore', 'ignore_ament_install']
[0.742s] Level 1:colcon.colcon_core.package_identification:_identify(install) by extension 'ignore'
[0.742s] Level 1:colcon.colcon_core.package_identification:_identify(install) ignored
[0.742s] Level 1:colcon.colcon_core.package_identification:_identify(log) by extensions ['ignore', 'ignore_ament_install']
[0.743s] Level 1:colcon.colcon_core.package_identification:_identify(log) by extension 'ignore'
[0.743s] Level 1:colcon.colcon_core.package_identification:_identify(log) ignored
[0.743s] Level 1:colcon.colcon_core.package_identification:_identify(src) by extensions ['ignore', 'ignore_ament_install']
[0.743s] Level 1:colcon.colcon_core.package_identification:_identify(src) by extension 'ignore'
[0.744s] Level 1:colcon.colcon_core.package_identification:_identify(src) by extension 'ignore_ament_install'
[0.744s] Level 1:colcon.colcon_core.package_identification:_identify(src) by extensions ['colcon_pkg']
[0.744s] Level 1:colcon.colcon_core.package_identification:_identify(src) by extension 'colcon_pkg'
[0.744s] Level 1:colcon.colcon_core.package_identification:_identify(src) by extensions ['colcon_meta']
[0.744s] Level 1:colcon.colcon_core.package_identification:_identify(src) by extension 'colcon_meta'
[0.744s] Level 1:colcon.colcon_core.package_identification:_identify(src) by extensions ['ros']
[0.744s] Level 1:colcon.colcon_core.package_identification:_identify(src) by extension 'ros'
[0.745s] Level 1:colcon.colcon_core.package_identification:_identify(src) by extensions ['cmake', 'python']
[0.745s] Level 1:colcon.colcon_core.package_identification:_identify(src) by extension 'cmake'
[0.745s] Level 1:colcon.colcon_core.package_identification:_identify(src) by extension 'python'
[0.745s] Level 1:colcon.colcon_core.package_identification:_identify(src) by extensions ['python_setup_py']
[0.745s] Level 1:colcon.colcon_core.package_identification:_identify(src) by extension 'python_setup_py'
[0.745s] Level 1:colcon.colcon_core.package_identification:_identify(src/zolw) by extensions ['ignore', 'ignore_ament_install']
[0.746s] Level 1:colcon.colcon_core.package_identification:_identify(src/zolw) by extension 'ignore'
[0.746s] Level 1:colcon.colcon_core.package_identification:_identify(src/zolw) by extension 'ignore_ament_install'
[0.746s] Level 1:colcon.colcon_core.package_identification:_identify(src/zolw) by extensions ['colcon_pkg']
[0.746s] Level 1:colcon.colcon_core.package_identification:_identify(src/zolw) by extension 'colcon_pkg'
[0.747s] Level 1:colcon.colcon_core.package_identification:_identify(src/zolw) by extensions ['colcon_meta']
[0.747s] Level 1:colcon.colcon_core.package_identification:_identify(src/zolw) by extension 'colcon_meta'
[0.747s] Level 1:colcon.colcon_core.package_identification:_identify(src/zolw) by extensions ['ros']
[0.747s] Level 1:colcon.colcon_core.package_identification:_identify(src/zolw) by extension 'ros'
[0.757s] DEBUG:colcon.colcon_core.package_identification:Package 'src/zolw' with type 'ros.ament_python' and name 'zolw'
[0.757s] Level 1:colcon.colcon_core.package_discovery:discover_packages(recursive) using defaults
[0.758s] Level 1:colcon.colcon_core.package_discovery:discover_packages(ignore) discover
[0.758s] Level 1:colcon.colcon_core.package_discovery:discover_packages(ignore) using defaults
[0.758s] Level 1:colcon.colcon_core.package_discovery:discover_packages(path) discover
[0.758s] Level 1:colcon.colcon_core.package_discovery:discover_packages(path) using defaults
[0.844s] Level 1:colcon.colcon_core.package_discovery:discover_packages(prefix_path) check parameters
[0.844s] Level 1:colcon.colcon_core.package_discovery:discover_packages(prefix_path) discover
[0.854s] DEBUG:colcon.colcon_installed_package_information.package_discovery:Found 1 installed packages in /home/adam/projekt_turtlesim/install
[0.861s] DEBUG:colcon.colcon_installed_package_information.package_discovery:Found 301 installed packages in /opt/ros/humble
[0.871s] Level 1:colcon.colcon_core.package_discovery:discover_packages(prefix_path) using defaults
[1.141s] Level 5:colcon.colcon_core.verb:set package 'zolw' build argument 'cmake_args' from command line to 'None'
[1.141s] Level 5:colcon.colcon_core.verb:set package 'zolw' build argument 'cmake_target' from command line to 'None'
[1.141s] Level 5:colcon.colcon_core.verb:set package 'zolw' build argument 'cmake_target_skip_unavailable' from command line to 'False'
[1.141s] Level 5:colcon.colcon_core.verb:set package 'zolw' build argument 'cmake_clean_cache' from command line to 'False'
[1.141s] Level 5:colcon.colcon_core.verb:set package 'zolw' build argument 'cmake_clean_first' from command line to 'False'
[1.141s] Level 5:colcon.colcon_core.verb:set package 'zolw' build argument 'cmake_force_configure' from command line to 'False'
[1.141s] Level 5:colcon.colcon_core.verb:set package 'zolw' build argument 'ament_cmake_args' from command line to 'None'
[1.141s] Level 5:colcon.colcon_core.verb:set package 'zolw' build argument 'catkin_cmake_args' from command line to 'None'
[1.142s] Level 5:colcon.colcon_core.verb:set package 'zolw' build argument 'catkin_skip_building_tests' from command line to 'False'
[1.142s] DEBUG:colcon.colcon_core.verb:Building package 'zolw' with the following arguments: {'ament_cmake_args': None, 'build_base': '/home/adam/projekt_turtlesim/build/zolw', 'catkin_cmake_args': None, 'catkin_skip_building_tests': False, 'cmake_args': None, 'cmake_clean_cache': False, 'cmake_clean_first': False, 'cmake_force_configure': False, 'cmake_target': None, 'cmake_target_skip_unavailable': False, 'install_base': '/home/adam/projekt_turtlesim/install/zolw', 'merge_install': False, 'path': '/home/adam/projekt_turtlesim/src/zolw', 'symlink_install': False, 'test_result_base': None}
[1.145s] INFO:colcon.colcon_core.executor:Executing jobs using 'parallel' executor
[1.157s] DEBUG:colcon.colcon_parallel_executor.executor.parallel:run_until_complete
[1.158s] INFO:colcon.colcon_ros.task.ament_python.build:Building ROS package in '/home/adam/projekt_turtlesim/src/zolw' with build type 'ament_python'
[1.158s] Level 1:colcon.colcon_core.shell:create_environment_hook('zolw', 'ament_prefix_path')
[1.173s] INFO:colcon.colcon_core.plugin_system:Skipping extension 'colcon_core.shell.bat': Not used on non-Windows systems
[1.177s] INFO:colcon.colcon_core.shell:Creating environment hook '/home/adam/projekt_turtlesim/install/zolw/share/zolw/hook/ament_prefix_path.ps1'
[1.179s] INFO:colcon.colcon_core.shell:Creating environment descriptor '/home/adam/projekt_turtlesim/install/zolw/share/zolw/hook/ament_prefix_path.dsv'
[1.181s] INFO:colcon.colcon_core.shell:Creating environment hook '/home/adam/projekt_turtlesim/install/zolw/share/zolw/hook/ament_prefix_path.sh'
[1.189s] INFO:colcon.colcon_core.shell:Skip shell extension 'powershell' for command environment: Not usable outside of PowerShell
[1.190s] DEBUG:colcon.colcon_core.shell:Skip shell extension 'dsv' for command environment
[2.375s] INFO:colcon.colcon_core.task.python.build:Building Python package in '/home/adam/projekt_turtlesim/src/zolw'
[2.385s] INFO:colcon.colcon_core.shell:Skip shell extension 'powershell' for command environment: Not usable outside of PowerShell
[2.385s] DEBUG:colcon.colcon_core.shell:Skip shell extension 'dsv' for command environment
[3.897s] DEBUG:colcon.colcon_core.event_handler.log_command:Invoking command in '/home/adam/projekt_turtlesim/src/zolw': PYTHONPATH=/home/adam/projekt_turtlesim/build/zolw/prefix_override:/home/adam/projekt_turtlesim/install/zolw/lib/python3.10/site-packages:${PYTHONPATH} /usr/bin/python3 setup.py egg_info --egg-base ../../build/zolw build --build-base /home/adam/projekt_turtlesim/build/zolw/build install --record /home/adam/projekt_turtlesim/build/zolw/install.log --single-version-externally-managed
[5.210s] DEBUG:colcon.colcon_core.event_handler.log_command:Invoked command in '/home/adam/projekt_turtlesim/src/zolw' returned '0': PYTHONPATH=/home/adam/projekt_turtlesim/build/zolw/prefix_override:/home/adam/projekt_turtlesim/install/zolw/lib/python3.10/site-packages:${PYTHONPATH} /usr/bin/python3 setup.py egg_info --egg-base ../../build/zolw build --build-base /home/adam/projekt_turtlesim/build/zolw/build install --record /home/adam/projekt_turtlesim/build/zolw/install.log --single-version-externally-managed
[5.230s] Level 1:colcon.colcon_core.environment:checking '/home/adam/projekt_turtlesim/install/zolw' for CMake module files
[5.232s] Level 1:colcon.colcon_core.environment:checking '/home/adam/projekt_turtlesim/install/zolw' for CMake config files
[5.234s] Level 1:colcon.colcon_core.environment:checking '/home/adam/projekt_turtlesim/install/zolw/lib'
[5.235s] Level 1:colcon.colcon_core.environment:checking '/home/adam/projekt_turtlesim/install/zolw/bin'
[5.235s] Level 1:colcon.colcon_core.environment:checking '/home/adam/projekt_turtlesim/install/zolw/lib/pkgconfig/zolw.pc'
[5.236s] Level 1:colcon.colcon_core.environment:checking '/home/adam/projekt_turtlesim/install/zolw/lib/python3.10/site-packages'
[5.236s] Level 1:colcon.colcon_core.shell:create_environment_hook('zolw', 'pythonpath')
[5.242s] INFO:colcon.colcon_core.shell:Creating environment hook '/home/adam/projekt_turtlesim/install/zolw/share/zolw/hook/pythonpath.ps1'
[5.244s] INFO:colcon.colcon_core.shell:Creating environment descriptor '/home/adam/projekt_turtlesim/install/zolw/share/zolw/hook/pythonpath.dsv'
[5.245s] INFO:colcon.colcon_core.shell:Creating environment hook '/home/adam/projekt_turtlesim/install/zolw/share/zolw/hook/pythonpath.sh'
[5.247s] Level 1:colcon.colcon_core.environment:checking '/home/adam/projekt_turtlesim/install/zolw/bin'
[5.248s] Level 1:colcon.colcon_core.environment:create_environment_scripts_only(zolw)
[5.254s] INFO:colcon.colcon_core.shell:Creating package script '/home/adam/projekt_turtlesim/install/zolw/share/zolw/package.ps1'
[5.257s] INFO:colcon.colcon_core.shell:Creating package descriptor '/home/adam/projekt_turtlesim/install/zolw/share/zolw/package.dsv'
[5.261s] INFO:colcon.colcon_core.shell:Creating package script '/home/adam/projekt_turtlesim/install/zolw/share/zolw/package.sh'
[5.266s] INFO:colcon.colcon_core.shell:Creating package script '/home/adam/projekt_turtlesim/install/zolw/share/zolw/package.bash'
[5.269s] INFO:colcon.colcon_core.shell:Creating package script '/home/adam/projekt_turtlesim/install/zolw/share/zolw/package.zsh'
[5.272s] Level 1:colcon.colcon_core.environment:create_file_with_runtime_dependencies(/home/adam/projekt_turtlesim/install/zolw/share/colcon-core/packages/zolw)
[5.274s] DEBUG:colcon.colcon_parallel_executor.executor.parallel:closing loop
[5.275s] DEBUG:colcon.colcon_parallel_executor.executor.parallel:loop closed
[5.275s] DEBUG:colcon.colcon_parallel_executor.executor.parallel:run_until_complete finished with '0'
[5.275s] DEBUG:colcon.colcon_core.event_reactor:joining thread
[5.295s] INFO:colcon.colcon_core.plugin_system:Skipping extension 'colcon_notification.desktop_notification.terminal_notifier': Not used on non-Darwin systems
[5.295s] INFO:colcon.colcon_core.plugin_system:Skipping extension 'colcon_notification.desktop_notification.win32': Not used on non-Windows systems
[5.295s] INFO:colcon.colcon_notification.desktop_notification:Sending desktop notification using 'notify2'
[5.317s] DEBUG:colcon.colcon_core.event_reactor:joined thread
[5.325s] INFO:colcon.colcon_core.shell:Creating prefix script '/home/adam/projekt_turtlesim/install/local_setup.ps1'
[5.330s] INFO:colcon.colcon_core.shell:Creating prefix util module '/home/adam/projekt_turtlesim/install/_local_setup_util_ps1.py'
[5.336s] INFO:colcon.colcon_core.shell:Creating prefix chain script '/home/adam/projekt_turtlesim/install/setup.ps1'
[5.346s] INFO:colcon.colcon_core.shell:Creating prefix script '/home/adam/projekt_turtlesim/install/local_setup.sh'
[5.348s] INFO:colcon.colcon_core.shell:Creating prefix util module '/home/adam/projekt_turtlesim/install/_local_setup_util_sh.py'
[5.350s] INFO:colcon.colcon_core.shell:Creating prefix chain script '/home/adam/projekt_turtlesim/install/setup.sh'
[5.355s] INFO:colcon.colcon_core.shell:Creating prefix script '/home/adam/projekt_turtlesim/install/local_setup.bash'
[5.357s] INFO:colcon.colcon_core.shell:Creating prefix chain script '/home/adam/projekt_turtlesim/install/setup.bash'
[5.363s] INFO:colcon.colcon_core.shell:Creating prefix script '/home/adam/projekt_turtlesim/install/local_setup.zsh'
[5.365s] INFO:colcon.colcon_core.shell:Creating prefix chain script '/home/adam/projekt_turtlesim/install/setup.zsh'
