[0.461s] DEBUG:colcon:Command line arguments: ['/usr/bin/colcon', 'build']
[0.461s] DEBUG:colcon:Parsed command line arguments: Namespace(log_base=None, log_level=None, verb_name='build', build_base='build', install_base='install', merge_install=False, symlink_install=False, test_result_base=None, continue_on_error=False, executor='parallel', parallel_workers=3, event_handlers=None, ignore_user_meta=False, metas=['./colcon.meta'], base_paths=['.'], packages_ignore=None, packages_ignore_regex=None, paths=None, packages_up_to=None, packages_up_to_regex=None, packages_above=None, packages_above_and_dependencies=None, packages_above_depth=None, packages_select_by_dep=None, packages_skip_by_dep=None, packages_skip_up_to=None, packages_select_build_failed=False, packages_skip_build_finished=False, packages_select_test_failures=False, packages_skip_test_passed=False, packages_select=None, packages_skip=None, packages_select_regex=None, packages_skip_regex=None, packages_start=None, packages_end=None, allow_overriding=[], cmake_args=None, cmake_target=None, cmake_target_skip_unavailable=False, cmake_clean_cache=False, cmake_clean_first=False, cmake_force_configure=False, ament_cmake_args=None, catkin_cmake_args=None, catkin_skip_building_tests=False, verb_parser=<colcon_defaults.argument_parser.defaults.DefaultArgumentsDecorator object at 0x7f8078bb7700>, verb_extension=<colcon_core.verb.build.BuildVerb object at 0x7f8078bb7190>, main=<bound method BuildVerb.main of <colcon_core.verb.build.BuildVerb object at 0x7f8078bb7190>>)
[0.568s] Level 1:colcon.colcon_core.package_discovery:discover_packages(colcon_meta) check parameters
[0.569s] Level 1:colcon.colcon_core.package_discovery:discover_packages(recursive) check parameters
[0.569s] Level 1:colcon.colcon_core.package_discovery:discover_packages(ignore) check parameters
[0.569s] Level 1:colcon.colcon_core.package_discovery:discover_packages(path) check parameters
[0.569s] Level 1:colcon.colcon_core.package_discovery:discover_packages(colcon_meta) discover
[0.569s] Level 1:colcon.colcon_core.package_discovery:discover_packages(recursive) discover
[0.569s] INFO:colcon.colcon_core.package_discovery:Crawling recursively for packages in '/home/adam/projekt_turtlesim'
[0.570s] Level 1:colcon.colcon_core.package_identification:_identify(.) by extensions ['ignore', 'ignore_ament_install']
[0.570s] Level 1:colcon.colcon_core.package_identification:_identify(.) by extension 'ignore'
[0.570s] Level 1:colcon.colcon_core.package_identification:_identify(.) by extension 'ignore_ament_install'
[0.570s] Level 1:colcon.colcon_core.package_identification:_identify(.) by extensions ['colcon_pkg']
[0.570s] Level 1:colcon.colcon_core.package_identification:_identify(.) by extension 'colcon_pkg'
[0.571s] Level 1:colcon.colcon_core.package_identification:_identify(.) by extensions ['colcon_meta']
[0.571s] Level 1:colcon.colcon_core.package_identification:_identify(.) by extension 'colcon_meta'
[0.571s] Level 1:colcon.colcon_core.package_identification:_identify(.) by extensions ['ros']
[0.571s] Level 1:colcon.colcon_core.package_identification:_identify(.) by extension 'ros'
[0.618s] Level 1:colcon.colcon_core.package_identification:_identify(.) by extensions ['cmake', 'python']
[0.618s] Level 1:colcon.colcon_core.package_identification:_identify(.) by extension 'cmake'
[0.618s] Level 1:colcon.colcon_core.package_identification:_identify(.) by extension 'python'
[0.618s] Level 1:colcon.colcon_core.package_identification:_identify(.) by extensions ['python_setup_py']
[0.619s] Level 1:colcon.colcon_core.package_identification:_identify(.) by extension 'python_setup_py'
[0.619s] Level 1:colcon.colcon_core.package_identification:_identify(build) by extensions ['ignore', 'ignore_ament_install']
[0.619s] Level 1:colcon.colcon_core.package_identification:_identify(build) by extension 'ignore'
[0.619s] Level 1:colcon.colcon_core.package_identification:_identify(build) ignored
[0.620s] Level 1:colcon.colcon_core.package_identification:_identify(install) by extensions ['ignore', 'ignore_ament_install']
[0.620s] Level 1:colcon.colcon_core.package_identification:_identify(install) by extension 'ignore'
[0.620s] Level 1:colcon.colcon_core.package_identification:_identify(install) ignored
[0.621s] Level 1:colcon.colcon_core.package_identification:_identify(log) by extensions ['ignore', 'ignore_ament_install']
[0.621s] Level 1:colcon.colcon_core.package_identification:_identify(log) by extension 'ignore'
[0.621s] Level 1:colcon.colcon_core.package_identification:_identify(log) ignored
[0.622s] Level 1:colcon.colcon_core.package_identification:_identify(src) by extensions ['ignore', 'ignore_ament_install']
[0.622s] Level 1:colcon.colcon_core.package_identification:_identify(src) by extension 'ignore'
[0.622s] Level 1:colcon.colcon_core.package_identification:_identify(src) by extension 'ignore_ament_install'
[0.622s] Level 1:colcon.colcon_core.package_identification:_identify(src) by extensions ['colcon_pkg']
[0.622s] Level 1:colcon.colcon_core.package_identification:_identify(src) by extension 'colcon_pkg'
[0.623s] Level 1:colcon.colcon_core.package_identification:_identify(src) by extensions ['colcon_meta']
[0.623s] Level 1:colcon.colcon_core.package_identification:_identify(src) by extension 'colcon_meta'
[0.623s] Level 1:colcon.colcon_core.package_identification:_identify(src) by extensions ['ros']
[0.623s] Level 1:colcon.colcon_core.package_identification:_identify(src) by extension 'ros'
[0.623s] Level 1:colcon.colcon_core.package_identification:_identify(src) by extensions ['cmake', 'python']
[0.624s] Level 1:colcon.colcon_core.package_identification:_identify(src) by extension 'cmake'
[0.624s] Level 1:colcon.colcon_core.package_identification:_identify(src) by extension 'python'
[0.624s] Level 1:colcon.colcon_core.package_identification:_identify(src) by extensions ['python_setup_py']
[0.624s] Level 1:colcon.colcon_core.package_identification:_identify(src) by extension 'python_setup_py'
[0.624s] Level 1:colcon.colcon_core.package_identification:_identify(src/zolw) by extensions ['ignore', 'ignore_ament_install']
[0.625s] Level 1:colcon.colcon_core.package_identification:_identify(src/zolw) by extension 'ignore'
[0.625s] Level 1:colcon.colcon_core.package_identification:_identify(src/zolw) by extension 'ignore_ament_install'
[0.625s] Level 1:colcon.colcon_core.package_identification:_identify(src/zolw) by extensions ['colcon_pkg']
[0.625s] Level 1:colcon.colcon_core.package_identification:_identify(src/zolw) by extension 'colcon_pkg'
[0.625s] Level 1:colcon.colcon_core.package_identification:_identify(src/zolw) by extensions ['colcon_meta']
[0.625s] Level 1:colcon.colcon_core.package_identification:_identify(src/zolw) by extension 'colcon_meta'
[0.626s] Level 1:colcon.colcon_core.package_identification:_identify(src/zolw) by extensions ['ros']
[0.626s] Level 1:colcon.colcon_core.package_identification:_identify(src/zolw) by extension 'ros'
[0.636s] DEBUG:colcon.colcon_core.package_identification:Package 'src/zolw' with type 'ros.ament_python' and name 'zolw'
[0.636s] Level 1:colcon.colcon_core.package_discovery:discover_packages(recursive) using defaults
[0.636s] Level 1:colcon.colcon_core.package_discovery:discover_packages(ignore) discover
[0.636s] Level 1:colcon.colcon_core.package_discovery:discover_packages(ignore) using defaults
[0.637s] Level 1:colcon.colcon_core.package_discovery:discover_packages(path) discover
[0.637s] Level 1:colcon.colcon_core.package_discovery:discover_packages(path) using defaults
[0.735s] Level 1:colcon.colcon_core.package_discovery:discover_packages(prefix_path) check parameters
[0.736s] Level 1:colcon.colcon_core.package_discovery:discover_packages(prefix_path) discover
[0.745s] DEBUG:colcon.colcon_installed_package_information.package_discovery:Found 1 installed packages in /home/adam/projekt_turtlesim/install
[0.756s] DEBUG:colcon.colcon_installed_package_information.package_discovery:Found 301 installed packages in /opt/ros/humble
[0.768s] Level 1:colcon.colcon_core.package_discovery:discover_packages(prefix_path) using defaults
[1.071s] Level 5:colcon.colcon_core.verb:set package 'zolw' build argument 'cmake_args' from command line to 'None'
[1.071s] Level 5:colcon.colcon_core.verb:set package 'zolw' build argument 'cmake_target' from command line to 'None'
[1.071s] Level 5:colcon.colcon_core.verb:set package 'zolw' build argument 'cmake_target_skip_unavailable' from command line to 'False'
[1.071s] Level 5:colcon.colcon_core.verb:set package 'zolw' build argument 'cmake_clean_cache' from command line to 'False'
[1.071s] Level 5:colcon.colcon_core.verb:set package 'zolw' build argument 'cmake_clean_first' from command line to 'False'
[1.072s] Level 5:colcon.colcon_core.verb:set package 'zolw' build argument 'cmake_force_configure' from command line to 'False'
[1.072s] Level 5:colcon.colcon_core.verb:set package 'zolw' build argument 'ament_cmake_args' from command line to 'None'
[1.072s] Level 5:colcon.colcon_core.verb:set package 'zolw' build argument 'catkin_cmake_args' from command line to 'None'
[1.072s] Level 5:colcon.colcon_core.verb:set package 'zolw' build argument 'catkin_skip_building_tests' from command line to 'False'
[1.072s] DEBUG:colcon.colcon_core.verb:Building package 'zolw' with the following arguments: {'ament_cmake_args': None, 'build_base': '/home/adam/projekt_turtlesim/build/zolw', 'catkin_cmake_args': None, 'catkin_skip_building_tests': False, 'cmake_args': None, 'cmake_clean_cache': False, 'cmake_clean_first': False, 'cmake_force_configure': False, 'cmake_target': None, 'cmake_target_skip_unavailable': False, 'install_base': '/home/adam/projekt_turtlesim/install/zolw', 'merge_install': False, 'path': '/home/adam/projekt_turtlesim/src/zolw', 'symlink_install': False, 'test_result_base': None}
[1.075s] INFO:colcon.colcon_core.executor:Executing jobs using 'parallel' executor
[1.101s] DEBUG:colcon.colcon_parallel_executor.executor.parallel:run_until_complete
[1.102s] INFO:colcon.colcon_ros.task.ament_python.build:Building ROS package in '/home/adam/projekt_turtlesim/src/zolw' with build type 'ament_python'
[1.102s] Level 1:colcon.colcon_core.shell:create_environment_hook('zolw', 'ament_prefix_path')
[1.118s] INFO:colcon.colcon_core.plugin_system:Skipping extension 'colcon_core.shell.bat': Not used on non-Windows systems
[1.119s] INFO:colcon.colcon_core.shell:Creating environment hook '/home/adam/projekt_turtlesim/install/zolw/share/zolw/hook/ament_prefix_path.ps1'
[1.121s] INFO:colcon.colcon_core.shell:Creating environment descriptor '/home/adam/projekt_turtlesim/install/zolw/share/zolw/hook/ament_prefix_path.dsv'
[1.123s] INFO:colcon.colcon_core.shell:Creating environment hook '/home/adam/projekt_turtlesim/install/zolw/share/zolw/hook/ament_prefix_path.sh'
[1.130s] INFO:colcon.colcon_core.shell:Skip shell extension 'powershell' for command environment: Not usable outside of PowerShell
[1.131s] DEBUG:colcon.colcon_core.shell:Skip shell extension 'dsv' for command environment
[2.343s] INFO:colcon.colcon_core.task.python.build:Building Python package in '/home/adam/projekt_turtlesim/src/zolw'
[2.349s] INFO:colcon.colcon_core.shell:Skip shell extension 'powershell' for command environment: Not usable outside of PowerShell
[2.349s] DEBUG:colcon.colcon_core.shell:Skip shell extension 'dsv' for command environment
[3.765s] DEBUG:colcon.colcon_core.event_handler.log_command:Invoking command in '/home/adam/projekt_turtlesim/src/zolw': PYTHONPATH=/home/adam/projekt_turtlesim/build/zolw/prefix_override:/home/adam/projekt_turtlesim/install/zolw/lib/python3.10/site-packages:${PYTHONPATH} /usr/bin/python3 setup.py egg_info --egg-base ../../build/zolw build --build-base /home/adam/projekt_turtlesim/build/zolw/build install --record /home/adam/projekt_turtlesim/build/zolw/install.log --single-version-externally-managed
[4.404s] DEBUG:colcon.colcon_core.event_handler.log_command:Invoked command in '/home/adam/projekt_turtlesim/src/zolw' returned '0': PYTHONPATH=/home/adam/projekt_turtlesim/build/zolw/prefix_override:/home/adam/projekt_turtlesim/install/zolw/lib/python3.10/site-packages:${PYTHONPATH} /usr/bin/python3 setup.py egg_info --egg-base ../../build/zolw build --build-base /home/adam/projekt_turtlesim/build/zolw/build install --record /home/adam/projekt_turtlesim/build/zolw/install.log --single-version-externally-managed
[4.412s] Level 1:colcon.colcon_core.environment:checking '/home/adam/projekt_turtlesim/install/zolw' for CMake module files
[4.413s] Level 1:colcon.colcon_core.environment:checking '/home/adam/projekt_turtlesim/install/zolw' for CMake config files
[4.414s] Level 1:colcon.colcon_core.environment:checking '/home/adam/projekt_turtlesim/install/zolw/lib'
[4.414s] Level 1:colcon.colcon_core.environment:checking '/home/adam/projekt_turtlesim/install/zolw/bin'
[4.414s] Level 1:colcon.colcon_core.environment:checking '/home/adam/projekt_turtlesim/install/zolw/lib/pkgconfig/zolw.pc'
[4.414s] Level 1:colcon.colcon_core.environment:checking '/home/adam/projekt_turtlesim/install/zolw/lib/python3.10/site-packages'
[4.415s] Level 1:colcon.colcon_core.shell:create_environment_hook('zolw', 'pythonpath')
[4.417s] INFO:colcon.colcon_core.shell:Creating environment hook '/home/adam/projekt_turtlesim/install/zolw/share/zolw/hook/pythonpath.ps1'
[4.418s] INFO:colcon.colcon_core.shell:Creating environment descriptor '/home/adam/projekt_turtlesim/install/zolw/share/zolw/hook/pythonpath.dsv'
[4.419s] INFO:colcon.colcon_core.shell:Creating environment hook '/home/adam/projekt_turtlesim/install/zolw/share/zolw/hook/pythonpath.sh'
[4.419s] Level 1:colcon.colcon_core.environment:checking '/home/adam/projekt_turtlesim/install/zolw/bin'
[4.420s] Level 1:colcon.colcon_core.environment:create_environment_scripts_only(zolw)
[4.423s] INFO:colcon.colcon_core.shell:Creating package script '/home/adam/projekt_turtlesim/install/zolw/share/zolw/package.ps1'
[4.425s] INFO:colcon.colcon_core.shell:Creating package descriptor '/home/adam/projekt_turtlesim/install/zolw/share/zolw/package.dsv'
[4.426s] INFO:colcon.colcon_core.shell:Creating package script '/home/adam/projekt_turtlesim/install/zolw/share/zolw/package.sh'
[4.427s] INFO:colcon.colcon_core.shell:Creating package script '/home/adam/projekt_turtlesim/install/zolw/share/zolw/package.bash'
[4.429s] INFO:colcon.colcon_core.shell:Creating package script '/home/adam/projekt_turtlesim/install/zolw/share/zolw/package.zsh'
[4.430s] Level 1:colcon.colcon_core.environment:create_file_with_runtime_dependencies(/home/adam/projekt_turtlesim/install/zolw/share/colcon-core/packages/zolw)
[4.431s] DEBUG:colcon.colcon_parallel_executor.executor.parallel:closing loop
[4.431s] DEBUG:colcon.colcon_parallel_executor.executor.parallel:loop closed
[4.431s] DEBUG:colcon.colcon_parallel_executor.executor.parallel:run_until_complete finished with '0'
[4.432s] DEBUG:colcon.colcon_core.event_reactor:joining thread
[4.446s] INFO:colcon.colcon_core.plugin_system:Skipping extension 'colcon_notification.desktop_notification.terminal_notifier': Not used on non-Darwin systems
[4.446s] INFO:colcon.colcon_core.plugin_system:Skipping extension 'colcon_notification.desktop_notification.win32': Not used on non-Windows systems
[4.446s] INFO:colcon.colcon_notification.desktop_notification:Sending desktop notification using 'notify2'
[4.460s] DEBUG:colcon.colcon_core.event_reactor:joined thread
[4.462s] INFO:colcon.colcon_core.shell:Creating prefix script '/home/adam/projekt_turtlesim/install/local_setup.ps1'
[4.464s] INFO:colcon.colcon_core.shell:Creating prefix util module '/home/adam/projekt_turtlesim/install/_local_setup_util_ps1.py'
[4.467s] INFO:colcon.colcon_core.shell:Creating prefix chain script '/home/adam/projekt_turtlesim/install/setup.ps1'
[4.476s] INFO:colcon.colcon_core.shell:Creating prefix script '/home/adam/projekt_turtlesim/install/local_setup.sh'
[4.477s] INFO:colcon.colcon_core.shell:Creating prefix util module '/home/adam/projekt_turtlesim/install/_local_setup_util_sh.py'
[4.477s] INFO:colcon.colcon_core.shell:Creating prefix chain script '/home/adam/projekt_turtlesim/install/setup.sh'
[4.481s] INFO:colcon.colcon_core.shell:Creating prefix script '/home/adam/projekt_turtlesim/install/local_setup.bash'
[4.482s] INFO:colcon.colcon_core.shell:Creating prefix chain script '/home/adam/projekt_turtlesim/install/setup.bash'
[4.488s] INFO:colcon.colcon_core.shell:Creating prefix script '/home/adam/projekt_turtlesim/install/local_setup.zsh'
[4.489s] INFO:colcon.colcon_core.shell:Creating prefix chain script '/home/adam/projekt_turtlesim/install/setup.zsh'
