[0.623s] DEBUG:colcon:Command line arguments: ['/usr/bin/colcon', 'build']
[0.624s] DEBUG:colcon:Parsed command line arguments: Namespace(log_base=None, log_level=None, verb_name='build', build_base='build', install_base='install', merge_install=False, symlink_install=False, test_result_base=None, continue_on_error=False, executor='parallel', parallel_workers=3, event_handlers=None, ignore_user_meta=False, metas=['./colcon.meta'], base_paths=['.'], packages_ignore=None, packages_ignore_regex=None, paths=None, packages_up_to=None, packages_up_to_regex=None, packages_above=None, packages_above_and_dependencies=None, packages_above_depth=None, packages_select_by_dep=None, packages_skip_by_dep=None, packages_skip_up_to=None, packages_select_build_failed=False, packages_skip_build_finished=False, packages_select_test_failures=False, packages_skip_test_passed=False, packages_select=None, packages_skip=None, packages_select_regex=None, packages_skip_regex=None, packages_start=None, packages_end=None, allow_overriding=[], cmake_args=None, cmake_target=None, cmake_target_skip_unavailable=False, cmake_clean_cache=False, cmake_clean_first=False, cmake_force_configure=False, ament_cmake_args=None, catkin_cmake_args=None, catkin_skip_building_tests=False, verb_parser=<colcon_defaults.argument_parser.defaults.DefaultArgumentsDecorator object at 0x7fb124bef760>, verb_extension=<colcon_core.verb.build.BuildVerb object at 0x7fb124bef1f0>, main=<bound method BuildVerb.main of <colcon_core.verb.build.BuildVerb object at 0x7fb124bef1f0>>)
[0.712s] Level 1:colcon.colcon_core.package_discovery:discover_packages(colcon_meta) check parameters
[0.712s] Level 1:colcon.colcon_core.package_discovery:discover_packages(recursive) check parameters
[0.712s] Level 1:colcon.colcon_core.package_discovery:discover_packages(ignore) check parameters
[0.712s] Level 1:colcon.colcon_core.package_discovery:discover_packages(path) check parameters
[0.713s] Level 1:colcon.colcon_core.package_discovery:discover_packages(colcon_meta) discover
[0.713s] Level 1:colcon.colcon_core.package_discovery:discover_packages(recursive) discover
[0.713s] INFO:colcon.colcon_core.package_discovery:Crawling recursively for packages in '/home/adam/projekt_turtlesim'
[0.713s] Level 1:colcon.colcon_core.package_identification:_identify(.) by extensions ['ignore', 'ignore_ament_install']
[0.714s] Level 1:colcon.colcon_core.package_identification:_identify(.) by extension 'ignore'
[0.714s] Level 1:colcon.colcon_core.package_identification:_identify(.) by extension 'ignore_ament_install'
[0.714s] Level 1:colcon.colcon_core.package_identification:_identify(.) by extensions ['colcon_pkg']
[0.714s] Level 1:colcon.colcon_core.package_identification:_identify(.) by extension 'colcon_pkg'
[0.714s] Level 1:colcon.colcon_core.package_identification:_identify(.) by extensions ['colcon_meta']
[0.714s] Level 1:colcon.colcon_core.package_identification:_identify(.) by extension 'colcon_meta'
[0.714s] Level 1:colcon.colcon_core.package_identification:_identify(.) by extensions ['ros']
[0.715s] Level 1:colcon.colcon_core.package_identification:_identify(.) by extension 'ros'
[0.755s] Level 1:colcon.colcon_core.package_identification:_identify(.) by extensions ['cmake', 'python']
[0.755s] Level 1:colcon.colcon_core.package_identification:_identify(.) by extension 'cmake'
[0.755s] Level 1:colcon.colcon_core.package_identification:_identify(.) by extension 'python'
[0.755s] Level 1:colcon.colcon_core.package_identification:_identify(.) by extensions ['python_setup_py']
[0.755s] Level 1:colcon.colcon_core.package_identification:_identify(.) by extension 'python_setup_py'
[0.756s] Level 1:colcon.colcon_core.package_identification:_identify(build) by extensions ['ignore', 'ignore_ament_install']
[0.756s] Level 1:colcon.colcon_core.package_identification:_identify(build) by extension 'ignore'
[0.756s] Level 1:colcon.colcon_core.package_identification:_identify(build) ignored
[0.757s] Level 1:colcon.colcon_core.package_identification:_identify(install) by extensions ['ignore', 'ignore_ament_install']
[0.757s] Level 1:colcon.colcon_core.package_identification:_identify(install) by extension 'ignore'
[0.757s] Level 1:colcon.colcon_core.package_identification:_identify(install) ignored
[0.758s] Level 1:colcon.colcon_core.package_identification:_identify(log) by extensions ['ignore', 'ignore_ament_install']
[0.758s] Level 1:colcon.colcon_core.package_identification:_identify(log) by extension 'ignore'
[0.758s] Level 1:colcon.colcon_core.package_identification:_identify(log) ignored
[0.758s] Level 1:colcon.colcon_core.package_identification:_identify(src) by extensions ['ignore', 'ignore_ament_install']
[0.759s] Level 1:colcon.colcon_core.package_identification:_identify(src) by extension 'ignore'
[0.759s] Level 1:colcon.colcon_core.package_identification:_identify(src) by extension 'ignore_ament_install'
[0.759s] Level 1:colcon.colcon_core.package_identification:_identify(src) by extensions ['colcon_pkg']
[0.759s] Level 1:colcon.colcon_core.package_identification:_identify(src) by extension 'colcon_pkg'
[0.759s] Level 1:colcon.colcon_core.package_identification:_identify(src) by extensions ['colcon_meta']
[0.759s] Level 1:colcon.colcon_core.package_identification:_identify(src) by extension 'colcon_meta'
[0.760s] Level 1:colcon.colcon_core.package_identification:_identify(src) by extensions ['ros']
[0.760s] Level 1:colcon.colcon_core.package_identification:_identify(src) by extension 'ros'
[0.760s] Level 1:colcon.colcon_core.package_identification:_identify(src) by extensions ['cmake', 'python']
[0.760s] Level 1:colcon.colcon_core.package_identification:_identify(src) by extension 'cmake'
[0.760s] Level 1:colcon.colcon_core.package_identification:_identify(src) by extension 'python'
[0.760s] Level 1:colcon.colcon_core.package_identification:_identify(src) by extensions ['python_setup_py']
[0.761s] Level 1:colcon.colcon_core.package_identification:_identify(src) by extension 'python_setup_py'
[0.761s] Level 1:colcon.colcon_core.package_identification:_identify(src/zolw) by extensions ['ignore', 'ignore_ament_install']
[0.761s] Level 1:colcon.colcon_core.package_identification:_identify(src/zolw) by extension 'ignore'
[0.761s] Level 1:colcon.colcon_core.package_identification:_identify(src/zolw) by extension 'ignore_ament_install'
[0.762s] Level 1:colcon.colcon_core.package_identification:_identify(src/zolw) by extensions ['colcon_pkg']
[0.762s] Level 1:colcon.colcon_core.package_identification:_identify(src/zolw) by extension 'colcon_pkg'
[0.762s] Level 1:colcon.colcon_core.package_identification:_identify(src/zolw) by extensions ['colcon_meta']
[0.762s] Level 1:colcon.colcon_core.package_identification:_identify(src/zolw) by extension 'colcon_meta'
[0.762s] Level 1:colcon.colcon_core.package_identification:_identify(src/zolw) by extensions ['ros']
[0.762s] Level 1:colcon.colcon_core.package_identification:_identify(src/zolw) by extension 'ros'
[0.772s] DEBUG:colcon.colcon_core.package_identification:Package 'src/zolw' with type 'ros.ament_python' and name 'zolw'
[0.773s] Level 1:colcon.colcon_core.package_discovery:discover_packages(recursive) using defaults
[0.773s] Level 1:colcon.colcon_core.package_discovery:discover_packages(ignore) discover
[0.773s] Level 1:colcon.colcon_core.package_discovery:discover_packages(ignore) using defaults
[0.773s] Level 1:colcon.colcon_core.package_discovery:discover_packages(path) discover
[0.773s] Level 1:colcon.colcon_core.package_discovery:discover_packages(path) using defaults
[0.859s] Level 1:colcon.colcon_core.package_discovery:discover_packages(prefix_path) check parameters
[0.859s] Level 1:colcon.colcon_core.package_discovery:discover_packages(prefix_path) discover
[0.868s] DEBUG:colcon.colcon_installed_package_information.package_discovery:Found 1 installed packages in /home/adam/projekt_turtlesim/install
[0.877s] DEBUG:colcon.colcon_installed_package_information.package_discovery:Found 301 installed packages in /opt/ros/humble
[0.887s] Level 1:colcon.colcon_core.package_discovery:discover_packages(prefix_path) using defaults
[1.160s] Level 5:colcon.colcon_core.verb:set package 'zolw' build argument 'cmake_args' from command line to 'None'
[1.160s] Level 5:colcon.colcon_core.verb:set package 'zolw' build argument 'cmake_target' from command line to 'None'
[1.160s] Level 5:colcon.colcon_core.verb:set package 'zolw' build argument 'cmake_target_skip_unavailable' from command line to 'False'
[1.160s] Level 5:colcon.colcon_core.verb:set package 'zolw' build argument 'cmake_clean_cache' from command line to 'False'
[1.161s] Level 5:colcon.colcon_core.verb:set package 'zolw' build argument 'cmake_clean_first' from command line to 'False'
[1.161s] Level 5:colcon.colcon_core.verb:set package 'zolw' build argument 'cmake_force_configure' from command line to 'False'
[1.161s] Level 5:colcon.colcon_core.verb:set package 'zolw' build argument 'ament_cmake_args' from command line to 'None'
[1.161s] Level 5:colcon.colcon_core.verb:set package 'zolw' build argument 'catkin_cmake_args' from command line to 'None'
[1.161s] Level 5:colcon.colcon_core.verb:set package 'zolw' build argument 'catkin_skip_building_tests' from command line to 'False'
[1.161s] DEBUG:colcon.colcon_core.verb:Building package 'zolw' with the following arguments: {'ament_cmake_args': None, 'build_base': '/home/adam/projekt_turtlesim/build/zolw', 'catkin_cmake_args': None, 'catkin_skip_building_tests': False, 'cmake_args': None, 'cmake_clean_cache': False, 'cmake_clean_first': False, 'cmake_force_configure': False, 'cmake_target': None, 'cmake_target_skip_unavailable': False, 'install_base': '/home/adam/projekt_turtlesim/install/zolw', 'merge_install': False, 'path': '/home/adam/projekt_turtlesim/src/zolw', 'symlink_install': False, 'test_result_base': None}
[1.164s] INFO:colcon.colcon_core.executor:Executing jobs using 'parallel' executor
[1.177s] DEBUG:colcon.colcon_parallel_executor.executor.parallel:run_until_complete
[1.178s] INFO:colcon.colcon_ros.task.ament_python.build:Building ROS package in '/home/adam/projekt_turtlesim/src/zolw' with build type 'ament_python'
[1.179s] Level 1:colcon.colcon_core.shell:create_environment_hook('zolw', 'ament_prefix_path')
[1.198s] INFO:colcon.colcon_core.plugin_system:Skipping extension 'colcon_core.shell.bat': Not used on non-Windows systems
[1.199s] INFO:colcon.colcon_core.shell:Creating environment hook '/home/adam/projekt_turtlesim/install/zolw/share/zolw/hook/ament_prefix_path.ps1'
[1.201s] INFO:colcon.colcon_core.shell:Creating environment descriptor '/home/adam/projekt_turtlesim/install/zolw/share/zolw/hook/ament_prefix_path.dsv'
[1.204s] INFO:colcon.colcon_core.shell:Creating environment hook '/home/adam/projekt_turtlesim/install/zolw/share/zolw/hook/ament_prefix_path.sh'
[1.214s] INFO:colcon.colcon_core.shell:Skip shell extension 'powershell' for command environment: Not usable outside of PowerShell
[1.214s] DEBUG:colcon.colcon_core.shell:Skip shell extension 'dsv' for command environment
[2.420s] INFO:colcon.colcon_core.task.python.build:Building Python package in '/home/adam/projekt_turtlesim/src/zolw'
[2.431s] INFO:colcon.colcon_core.shell:Skip shell extension 'powershell' for command environment: Not usable outside of PowerShell
[2.432s] DEBUG:colcon.colcon_core.shell:Skip shell extension 'dsv' for command environment
[3.917s] DEBUG:colcon.colcon_core.event_handler.log_command:Invoking command in '/home/adam/projekt_turtlesim/src/zolw': PYTHONPATH=/home/adam/projekt_turtlesim/build/zolw/prefix_override:/home/adam/projekt_turtlesim/install/zolw/lib/python3.10/site-packages:${PYTHONPATH} /usr/bin/python3 setup.py egg_info --egg-base ../../build/zolw build --build-base /home/adam/projekt_turtlesim/build/zolw/build install --record /home/adam/projekt_turtlesim/build/zolw/install.log --single-version-externally-managed
[5.159s] DEBUG:colcon.colcon_core.event_handler.log_command:Invoked command in '/home/adam/projekt_turtlesim/src/zolw' returned '0': PYTHONPATH=/home/adam/projekt_turtlesim/build/zolw/prefix_override:/home/adam/projekt_turtlesim/install/zolw/lib/python3.10/site-packages:${PYTHONPATH} /usr/bin/python3 setup.py egg_info --egg-base ../../build/zolw build --build-base /home/adam/projekt_turtlesim/build/zolw/build install --record /home/adam/projekt_turtlesim/build/zolw/install.log --single-version-externally-managed
[5.170s] Level 1:colcon.colcon_core.environment:checking '/home/adam/projekt_turtlesim/install/zolw' for CMake module files
[5.173s] Level 1:colcon.colcon_core.environment:checking '/home/adam/projekt_turtlesim/install/zolw' for CMake config files
[5.175s] Level 1:colcon.colcon_core.environment:checking '/home/adam/projekt_turtlesim/install/zolw/lib'
[5.176s] Level 1:colcon.colcon_core.environment:checking '/home/adam/projekt_turtlesim/install/zolw/bin'
[5.177s] Level 1:colcon.colcon_core.environment:checking '/home/adam/projekt_turtlesim/install/zolw/lib/pkgconfig/zolw.pc'
[5.178s] Level 1:colcon.colcon_core.environment:checking '/home/adam/projekt_turtlesim/install/zolw/lib/python3.10/site-packages'
[5.179s] Level 1:colcon.colcon_core.shell:create_environment_hook('zolw', 'pythonpath')
[5.186s] INFO:colcon.colcon_core.shell:Creating environment hook '/home/adam/projekt_turtlesim/install/zolw/share/zolw/hook/pythonpath.ps1'
[5.188s] INFO:colcon.colcon_core.shell:Creating environment descriptor '/home/adam/projekt_turtlesim/install/zolw/share/zolw/hook/pythonpath.dsv'
[5.189s] INFO:colcon.colcon_core.shell:Creating environment hook '/home/adam/projekt_turtlesim/install/zolw/share/zolw/hook/pythonpath.sh'
[5.191s] Level 1:colcon.colcon_core.environment:checking '/home/adam/projekt_turtlesim/install/zolw/bin'
[5.192s] Level 1:colcon.colcon_core.environment:create_environment_scripts_only(zolw)
[5.197s] INFO:colcon.colcon_core.shell:Creating package script '/home/adam/projekt_turtlesim/install/zolw/share/zolw/package.ps1'
[5.200s] INFO:colcon.colcon_core.shell:Creating package descriptor '/home/adam/projekt_turtlesim/install/zolw/share/zolw/package.dsv'
[5.203s] INFO:colcon.colcon_core.shell:Creating package script '/home/adam/projekt_turtlesim/install/zolw/share/zolw/package.sh'
[5.206s] INFO:colcon.colcon_core.shell:Creating package script '/home/adam/projekt_turtlesim/install/zolw/share/zolw/package.bash'
[5.209s] INFO:colcon.colcon_core.shell:Creating package script '/home/adam/projekt_turtlesim/install/zolw/share/zolw/package.zsh'
[5.212s] Level 1:colcon.colcon_core.environment:create_file_with_runtime_dependencies(/home/adam/projekt_turtlesim/install/zolw/share/colcon-core/packages/zolw)
[5.213s] DEBUG:colcon.colcon_parallel_executor.executor.parallel:closing loop
[5.213s] DEBUG:colcon.colcon_parallel_executor.executor.parallel:loop closed
[5.214s] DEBUG:colcon.colcon_parallel_executor.executor.parallel:run_until_complete finished with '0'
[5.214s] DEBUG:colcon.colcon_core.event_reactor:joining thread
[5.233s] INFO:colcon.colcon_core.plugin_system:Skipping extension 'colcon_notification.desktop_notification.terminal_notifier': Not used on non-Darwin systems
[5.233s] INFO:colcon.colcon_core.plugin_system:Skipping extension 'colcon_notification.desktop_notification.win32': Not used on non-Windows systems
[5.234s] INFO:colcon.colcon_notification.desktop_notification:Sending desktop notification using 'notify2'
[5.262s] DEBUG:colcon.colcon_core.event_reactor:joined thread
[5.269s] INFO:colcon.colcon_core.shell:Creating prefix script '/home/adam/projekt_turtlesim/install/local_setup.ps1'
[5.273s] INFO:colcon.colcon_core.shell:Creating prefix util module '/home/adam/projekt_turtlesim/install/_local_setup_util_ps1.py'
[5.280s] INFO:colcon.colcon_core.shell:Creating prefix chain script '/home/adam/projekt_turtlesim/install/setup.ps1'
[5.286s] INFO:colcon.colcon_core.shell:Creating prefix script '/home/adam/projekt_turtlesim/install/local_setup.sh'
[5.289s] INFO:colcon.colcon_core.shell:Creating prefix util module '/home/adam/projekt_turtlesim/install/_local_setup_util_sh.py'
[5.290s] INFO:colcon.colcon_core.shell:Creating prefix chain script '/home/adam/projekt_turtlesim/install/setup.sh'
[5.296s] INFO:colcon.colcon_core.shell:Creating prefix script '/home/adam/projekt_turtlesim/install/local_setup.bash'
[5.298s] INFO:colcon.colcon_core.shell:Creating prefix chain script '/home/adam/projekt_turtlesim/install/setup.bash'
[5.304s] INFO:colcon.colcon_core.shell:Creating prefix script '/home/adam/projekt_turtlesim/install/local_setup.zsh'
[5.305s] INFO:colcon.colcon_core.shell:Creating prefix chain script '/home/adam/projekt_turtlesim/install/setup.zsh'
