[3.230s] Invoking command in '/home/adam/projekt_turtlesim/src/zolw': PYTHONPATH=/home/adam/projekt_turtlesim/build/zolw/prefix_override:/home/adam/projekt_turtlesim/install/zolw/lib/python3.10/site-packages:${PYTHONPATH} /usr/bin/python3 setup.py egg_info --egg-base ../../build/zolw build --build-base /home/adam/projekt_turtlesim/build/zolw/build install --record /home/adam/projekt_turtlesim/build/zolw/install.log --single-version-externally-managed
[4.417s] running egg_info
[4.433s] writing manifest file '../../build/zolw/zolw.egg-info/SOURCES.txt'
[4.433s] running build
[4.434s] running build_py
[4.435s] copying zolw/wielokat.py -> /home/adam/projekt_turtlesim/build/zolw/build/lib/zolw
[4.435s] copying zolw/pieciokat.py -> /home/adam/projekt_turtlesim/build/zolw/build/lib/zolw
[4.436s] copying zolw/kolo.py -> /home/adam/projekt_turtlesim/build/zolw/build/lib/zolw
[4.436s] copying zolw/szesciokat.py -> /home/adam/projekt_turtlesim/build/zolw/build/lib/zolw
[4.437s] copying zolw/gwiazda.py -> /home/adam/projekt_turtlesim/build/zolw/build/lib/zolw
[4.437s] copying zolw/kwadrat.py -> /home/adam/projekt_turtlesim/build/zolw/build/lib/zolw
[4.438s] running install
[4.440s] running install_lib
[4.447s] byte-compiling /home/adam/projekt_turtlesim/install/zolw/lib/python3.10/site-packages/zolw/wielokat.py to wielokat.cpython-310.pyc
[4.450s] byte-compiling /home/adam/projekt_turtlesim/install/zolw/lib/python3.10/site-packages/zolw/pieciokat.py to pieciokat.cpython-310.pyc
[4.453s] byte-compiling /home/adam/projekt_turtlesim/install/zolw/lib/python3.10/site-packages/zolw/kolo.py to kolo.cpython-310.pyc
[4.455s] byte-compiling /home/adam/projekt_turtlesim/install/zolw/lib/python3.10/site-packages/zolw/szesciokat.py to szesciokat.cpython-310.pyc
[4.459s] byte-compiling /home/adam/projekt_turtlesim/install/zolw/lib/python3.10/site-packages/zolw/gwiazda.py to gwiazda.cpython-310.pyc
[4.463s] byte-compiling /home/adam/projekt_turtlesim/install/zolw/lib/python3.10/site-packages/zolw/kwadrat.py to kwadrat.cpython-310.pyc
[4.466s] running install_data
[4.468s] running install_egg_info
[4.475s] removing '/home/adam/projekt_turtlesim/install/zolw/lib/python3.10/site-packages/zolw-0.0.0-py3.10.egg-info' (and everything under it)
[4.481s] Copying ../../build/zolw/zolw.egg-info to /home/adam/projekt_turtlesim/install/zolw/lib/python3.10/site-packages/zolw-0.0.0-py3.10.egg-info
[4.484s] running install_scripts
[4.558s] writing list of installed files to '/home/adam/projekt_turtlesim/build/zolw/install.log'
[4.650s] Invoked command in '/home/adam/projekt_turtlesim/src/zolw' returned '0': PYTHONPATH=/home/adam/projekt_turtlesim/build/zolw/prefix_override:/home/adam/projekt_turtlesim/install/zolw/lib/python3.10/site-packages:${PYTHONPATH} /usr/bin/python3 setup.py egg_info --egg-base ../../build/zolw build --build-base /home/adam/projekt_turtlesim/build/zolw/build install --record /home/adam/projekt_turtlesim/build/zolw/install.log --single-version-externally-managed
