[0.318s] DEBUG:colcon:Command line arguments: ['/usr/bin/colcon', 'build']
[0.319s] DEBUG:colcon:Parsed command line arguments: Namespace(log_base=None, log_level=None, verb_name='build', build_base='build', install_base='install', merge_install=False, symlink_install=False, test_result_base=None, continue_on_error=False, executor='parallel', parallel_workers=3, event_handlers=None, ignore_user_meta=False, metas=['./colcon.meta'], base_paths=['.'], packages_ignore=None, packages_ignore_regex=None, paths=None, packages_up_to=None, packages_up_to_regex=None, packages_above=None, packages_above_and_dependencies=None, packages_above_depth=None, packages_select_by_dep=None, packages_skip_by_dep=None, packages_skip_up_to=None, packages_select_build_failed=False, packages_skip_build_finished=False, packages_select_test_failures=False, packages_skip_test_passed=False, packages_select=None, packages_skip=None, packages_select_regex=None, packages_skip_regex=None, packages_start=None, packages_end=None, allow_overriding=[], cmake_args=None, cmake_target=None, cmake_target_skip_unavailable=False, cmake_clean_cache=False, cmake_clean_first=False, cmake_force_configure=False, ament_cmake_args=None, catkin_cmake_args=None, catkin_skip_building_tests=False, verb_parser=<colcon_defaults.argument_parser.defaults.DefaultArgumentsDecorator object at 0x7f1d229878e0>, verb_extension=<colcon_core.verb.build.BuildVerb object at 0x7f1d22987370>, main=<bound method BuildVerb.main of <colcon_core.verb.build.BuildVerb object at 0x7f1d22987370>>)
[0.365s] Level 1:colcon.colcon_core.package_discovery:discover_packages(colcon_meta) check parameters
[0.365s] Level 1:colcon.colcon_core.package_discovery:discover_packages(recursive) check parameters
[0.365s] Level 1:colcon.colcon_core.package_discovery:discover_packages(ignore) check parameters
[0.365s] Level 1:colcon.colcon_core.package_discovery:discover_packages(path) check parameters
[0.365s] Level 1:colcon.colcon_core.package_discovery:discover_packages(colcon_meta) discover
[0.366s] Level 1:colcon.colcon_core.package_discovery:discover_packages(recursive) discover
[0.366s] INFO:colcon.colcon_core.package_discovery:Crawling recursively for packages in '/home/adam/projekt_turtlesim'
[0.366s] Level 1:colcon.colcon_core.package_identification:_identify(.) by extensions ['ignore', 'ignore_ament_install']
[0.366s] Level 1:colcon.colcon_core.package_identification:_identify(.) by extension 'ignore'
[0.366s] Level 1:colcon.colcon_core.package_identification:_identify(.) by extension 'ignore_ament_install'
[0.366s] Level 1:colcon.colcon_core.package_identification:_identify(.) by extensions ['colcon_pkg']
[0.366s] Level 1:colcon.colcon_core.package_identification:_identify(.) by extension 'colcon_pkg'
[0.366s] Level 1:colcon.colcon_core.package_identification:_identify(.) by extensions ['colcon_meta']
[0.366s] Level 1:colcon.colcon_core.package_identification:_identify(.) by extension 'colcon_meta'
[0.366s] Level 1:colcon.colcon_core.package_identification:_identify(.) by extensions ['ros']
[0.366s] Level 1:colcon.colcon_core.package_identification:_identify(.) by extension 'ros'
[0.388s] Level 1:colcon.colcon_core.package_identification:_identify(.) by extensions ['cmake', 'python']
[0.388s] Level 1:colcon.colcon_core.package_identification:_identify(.) by extension 'cmake'
[0.388s] Level 1:colcon.colcon_core.package_identification:_identify(.) by extension 'python'
[0.388s] Level 1:colcon.colcon_core.package_identification:_identify(.) by extensions ['python_setup_py']
[0.388s] Level 1:colcon.colcon_core.package_identification:_identify(.) by extension 'python_setup_py'
[0.389s] Level 1:colcon.colcon_core.package_identification:_identify(build) by extensions ['ignore', 'ignore_ament_install']
[0.389s] Level 1:colcon.colcon_core.package_identification:_identify(build) by extension 'ignore'
[0.389s] Level 1:colcon.colcon_core.package_identification:_identify(build) ignored
[0.389s] Level 1:colcon.colcon_core.package_identification:_identify(install) by extensions ['ignore', 'ignore_ament_install']
[0.389s] Level 1:colcon.colcon_core.package_identification:_identify(install) by extension 'ignore'
[0.389s] Level 1:colcon.colcon_core.package_identification:_identify(install) ignored
[0.390s] Level 1:colcon.colcon_core.package_identification:_identify(log) by extensions ['ignore', 'ignore_ament_install']
[0.390s] Level 1:colcon.colcon_core.package_identification:_identify(log) by extension 'ignore'
[0.390s] Level 1:colcon.colcon_core.package_identification:_identify(log) ignored
[0.390s] Level 1:colcon.colcon_core.package_identification:_identify(src) by extensions ['ignore', 'ignore_ament_install']
[0.390s] Level 1:colcon.colcon_core.package_identification:_identify(src) by extension 'ignore'
[0.391s] Level 1:colcon.colcon_core.package_identification:_identify(src) by extension 'ignore_ament_install'
[0.391s] Level 1:colcon.colcon_core.package_identification:_identify(src) by extensions ['colcon_pkg']
[0.391s] Level 1:colcon.colcon_core.package_identification:_identify(src) by extension 'colcon_pkg'
[0.391s] Level 1:colcon.colcon_core.package_identification:_identify(src) by extensions ['colcon_meta']
[0.391s] Level 1:colcon.colcon_core.package_identification:_identify(src) by extension 'colcon_meta'
[0.391s] Level 1:colcon.colcon_core.package_identification:_identify(src) by extensions ['ros']
[0.391s] Level 1:colcon.colcon_core.package_identification:_identify(src) by extension 'ros'
[0.391s] Level 1:colcon.colcon_core.package_identification:_identify(src) by extensions ['cmake', 'python']
[0.391s] Level 1:colcon.colcon_core.package_identification:_identify(src) by extension 'cmake'
[0.391s] Level 1:colcon.colcon_core.package_identification:_identify(src) by extension 'python'
[0.391s] Level 1:colcon.colcon_core.package_identification:_identify(src) by extensions ['python_setup_py']
[0.391s] Level 1:colcon.colcon_core.package_identification:_identify(src) by extension 'python_setup_py'
[0.391s] Level 1:colcon.colcon_core.package_identification:_identify(src/zolw) by extensions ['ignore', 'ignore_ament_install']
[0.392s] Level 1:colcon.colcon_core.package_identification:_identify(src/zolw) by extension 'ignore'
[0.392s] Level 1:colcon.colcon_core.package_identification:_identify(src/zolw) by extension 'ignore_ament_install'
[0.392s] Level 1:colcon.colcon_core.package_identification:_identify(src/zolw) by extensions ['colcon_pkg']
[0.392s] Level 1:colcon.colcon_core.package_identification:_identify(src/zolw) by extension 'colcon_pkg'
[0.392s] Level 1:colcon.colcon_core.package_identification:_identify(src/zolw) by extensions ['colcon_meta']
[0.392s] Level 1:colcon.colcon_core.package_identification:_identify(src/zolw) by extension 'colcon_meta'
[0.392s] Level 1:colcon.colcon_core.package_identification:_identify(src/zolw) by extensions ['ros']
[0.392s] Level 1:colcon.colcon_core.package_identification:_identify(src/zolw) by extension 'ros'
[0.397s] DEBUG:colcon.colcon_core.package_identification:Package 'src/zolw' with type 'ros.ament_python' and name 'zolw'
[0.397s] Level 1:colcon.colcon_core.package_discovery:discover_packages(recursive) using defaults
[0.397s] Level 1:colcon.colcon_core.package_discovery:discover_packages(ignore) discover
[0.397s] Level 1:colcon.colcon_core.package_discovery:discover_packages(ignore) using defaults
[0.398s] Level 1:colcon.colcon_core.package_discovery:discover_packages(path) discover
[0.398s] Level 1:colcon.colcon_core.package_discovery:discover_packages(path) using defaults
[0.441s] Level 1:colcon.colcon_core.package_discovery:discover_packages(prefix_path) check parameters
[0.441s] Level 1:colcon.colcon_core.package_discovery:discover_packages(prefix_path) discover
[0.445s] DEBUG:colcon.colcon_installed_package_information.package_discovery:Found 1 installed packages in /home/adam/projekt_turtlesim/install
[0.449s] DEBUG:colcon.colcon_installed_package_information.package_discovery:Found 301 installed packages in /opt/ros/humble
[0.454s] Level 1:colcon.colcon_core.package_discovery:discover_packages(prefix_path) using defaults
[0.593s] Level 5:colcon.colcon_core.verb:set package 'zolw' build argument 'cmake_args' from command line to 'None'
[0.593s] Level 5:colcon.colcon_core.verb:set package 'zolw' build argument 'cmake_target' from command line to 'None'
[0.593s] Level 5:colcon.colcon_core.verb:set package 'zolw' build argument 'cmake_target_skip_unavailable' from command line to 'False'
[0.593s] Level 5:colcon.colcon_core.verb:set package 'zolw' build argument 'cmake_clean_cache' from command line to 'False'
[0.593s] Level 5:colcon.colcon_core.verb:set package 'zolw' build argument 'cmake_clean_first' from command line to 'False'
[0.593s] Level 5:colcon.colcon_core.verb:set package 'zolw' build argument 'cmake_force_configure' from command line to 'False'
[0.593s] Level 5:colcon.colcon_core.verb:set package 'zolw' build argument 'ament_cmake_args' from command line to 'None'
[0.593s] Level 5:colcon.colcon_core.verb:set package 'zolw' build argument 'catkin_cmake_args' from command line to 'None'
[0.593s] Level 5:colcon.colcon_core.verb:set package 'zolw' build argument 'catkin_skip_building_tests' from command line to 'False'
[0.593s] DEBUG:colcon.colcon_core.verb:Building package 'zolw' with the following arguments: {'ament_cmake_args': None, 'build_base': '/home/adam/projekt_turtlesim/build/zolw', 'catkin_cmake_args': None, 'catkin_skip_building_tests': False, 'cmake_args': None, 'cmake_clean_cache': False, 'cmake_clean_first': False, 'cmake_force_configure': False, 'cmake_target': None, 'cmake_target_skip_unavailable': False, 'install_base': '/home/adam/projekt_turtlesim/install/zolw', 'merge_install': False, 'path': '/home/adam/projekt_turtlesim/src/zolw', 'symlink_install': False, 'test_result_base': None}
[0.595s] INFO:colcon.colcon_core.executor:Executing jobs using 'parallel' executor
[0.601s] DEBUG:colcon.colcon_parallel_executor.executor.parallel:run_until_complete
[0.601s] INFO:colcon.colcon_ros.task.ament_python.build:Building ROS package in '/home/adam/projekt_turtlesim/src/zolw' with build type 'ament_python'
[0.601s] Level 1:colcon.colcon_core.shell:create_environment_hook('zolw', 'ament_prefix_path')
[0.611s] INFO:colcon.colcon_core.plugin_system:Skipping extension 'colcon_core.shell.bat': Not used on non-Windows systems
[0.611s] INFO:colcon.colcon_core.shell:Creating environment hook '/home/adam/projekt_turtlesim/install/zolw/share/zolw/hook/ament_prefix_path.ps1'
[0.612s] INFO:colcon.colcon_core.shell:Creating environment descriptor '/home/adam/projekt_turtlesim/install/zolw/share/zolw/hook/ament_prefix_path.dsv'
[0.613s] INFO:colcon.colcon_core.shell:Creating environment hook '/home/adam/projekt_turtlesim/install/zolw/share/zolw/hook/ament_prefix_path.sh'
[0.617s] INFO:colcon.colcon_core.shell:Skip shell extension 'powershell' for command environment: Not usable outside of PowerShell
[0.617s] DEBUG:colcon.colcon_core.shell:Skip shell extension 'dsv' for command environment
[1.260s] INFO:colcon.colcon_core.task.python.build:Building Python package in '/home/adam/projekt_turtlesim/src/zolw'
[1.262s] INFO:colcon.colcon_core.shell:Skip shell extension 'powershell' for command environment: Not usable outside of PowerShell
[1.263s] DEBUG:colcon.colcon_core.shell:Skip shell extension 'dsv' for command environment
[2.043s] DEBUG:colcon.colcon_core.event_handler.log_command:Invoking command in '/home/adam/projekt_turtlesim/src/zolw': PYTHONPATH=/home/adam/projekt_turtlesim/build/zolw/prefix_override:/home/adam/projekt_turtlesim/install/zolw/lib/python3.10/site-packages:${PYTHONPATH} /usr/bin/python3 setup.py egg_info --egg-base ../../build/zolw build --build-base /home/adam/projekt_turtlesim/build/zolw/build install --record /home/adam/projekt_turtlesim/build/zolw/install.log --single-version-externally-managed
[2.628s] DEBUG:colcon.colcon_core.event_handler.log_command:Invoked command in '/home/adam/projekt_turtlesim/src/zolw' returned '0': PYTHONPATH=/home/adam/projekt_turtlesim/build/zolw/prefix_override:/home/adam/projekt_turtlesim/install/zolw/lib/python3.10/site-packages:${PYTHONPATH} /usr/bin/python3 setup.py egg_info --egg-base ../../build/zolw build --build-base /home/adam/projekt_turtlesim/build/zolw/build install --record /home/adam/projekt_turtlesim/build/zolw/install.log --single-version-externally-managed
[2.633s] Level 1:colcon.colcon_core.environment:checking '/home/adam/projekt_turtlesim/install/zolw' for CMake module files
[2.634s] Level 1:colcon.colcon_core.environment:checking '/home/adam/projekt_turtlesim/install/zolw' for CMake config files
[2.635s] Level 1:colcon.colcon_core.environment:checking '/home/adam/projekt_turtlesim/install/zolw/lib'
[2.636s] Level 1:colcon.colcon_core.environment:checking '/home/adam/projekt_turtlesim/install/zolw/bin'
[2.636s] Level 1:colcon.colcon_core.environment:checking '/home/adam/projekt_turtlesim/install/zolw/lib/pkgconfig/zolw.pc'
[2.636s] Level 1:colcon.colcon_core.environment:checking '/home/adam/projekt_turtlesim/install/zolw/lib/python3.10/site-packages'
[2.636s] Level 1:colcon.colcon_core.shell:create_environment_hook('zolw', 'pythonpath')
[2.639s] INFO:colcon.colcon_core.shell:Creating environment hook '/home/adam/projekt_turtlesim/install/zolw/share/zolw/hook/pythonpath.ps1'
[2.639s] INFO:colcon.colcon_core.shell:Creating environment descriptor '/home/adam/projekt_turtlesim/install/zolw/share/zolw/hook/pythonpath.dsv'
[2.640s] INFO:colcon.colcon_core.shell:Creating environment hook '/home/adam/projekt_turtlesim/install/zolw/share/zolw/hook/pythonpath.sh'
[2.641s] Level 1:colcon.colcon_core.environment:checking '/home/adam/projekt_turtlesim/install/zolw/bin'
[2.641s] Level 1:colcon.colcon_core.environment:create_environment_scripts_only(zolw)
[2.645s] INFO:colcon.colcon_core.shell:Creating package script '/home/adam/projekt_turtlesim/install/zolw/share/zolw/package.ps1'
[2.646s] INFO:colcon.colcon_core.shell:Creating package descriptor '/home/adam/projekt_turtlesim/install/zolw/share/zolw/package.dsv'
[2.647s] INFO:colcon.colcon_core.shell:Creating package script '/home/adam/projekt_turtlesim/install/zolw/share/zolw/package.sh'
[2.649s] INFO:colcon.colcon_core.shell:Creating package script '/home/adam/projekt_turtlesim/install/zolw/share/zolw/package.bash'
[2.650s] INFO:colcon.colcon_core.shell:Creating package script '/home/adam/projekt_turtlesim/install/zolw/share/zolw/package.zsh'
[2.652s] Level 1:colcon.colcon_core.environment:create_file_with_runtime_dependencies(/home/adam/projekt_turtlesim/install/zolw/share/colcon-core/packages/zolw)
[2.653s] DEBUG:colcon.colcon_parallel_executor.executor.parallel:closing loop
[2.653s] DEBUG:colcon.colcon_parallel_executor.executor.parallel:loop closed
[2.653s] DEBUG:colcon.colcon_parallel_executor.executor.parallel:run_until_complete finished with '0'
[2.653s] DEBUG:colcon.colcon_core.event_reactor:joining thread
[2.661s] INFO:colcon.colcon_core.plugin_system:Skipping extension 'colcon_notification.desktop_notification.terminal_notifier': Not used on non-Darwin systems
[2.661s] INFO:colcon.colcon_core.plugin_system:Skipping extension 'colcon_notification.desktop_notification.win32': Not used on non-Windows systems
[2.661s] INFO:colcon.colcon_notification.desktop_notification:Sending desktop notification using 'notify2'
[2.671s] DEBUG:colcon.colcon_core.event_reactor:joined thread
[2.674s] INFO:colcon.colcon_core.shell:Creating prefix script '/home/adam/projekt_turtlesim/install/local_setup.ps1'
[2.676s] INFO:colcon.colcon_core.shell:Creating prefix util module '/home/adam/projekt_turtlesim/install/_local_setup_util_ps1.py'
[2.679s] INFO:colcon.colcon_core.shell:Creating prefix chain script '/home/adam/projekt_turtlesim/install/setup.ps1'
[2.681s] INFO:colcon.colcon_core.shell:Creating prefix script '/home/adam/projekt_turtlesim/install/local_setup.sh'
[2.682s] INFO:colcon.colcon_core.shell:Creating prefix util module '/home/adam/projekt_turtlesim/install/_local_setup_util_sh.py'
[2.683s] INFO:colcon.colcon_core.shell:Creating prefix chain script '/home/adam/projekt_turtlesim/install/setup.sh'
[2.686s] INFO:colcon.colcon_core.shell:Creating prefix script '/home/adam/projekt_turtlesim/install/local_setup.bash'
[2.687s] INFO:colcon.colcon_core.shell:Creating prefix chain script '/home/adam/projekt_turtlesim/install/setup.bash'
[2.689s] INFO:colcon.colcon_core.shell:Creating prefix script '/home/adam/projekt_turtlesim/install/local_setup.zsh'
[2.690s] INFO:colcon.colcon_core.shell:Creating prefix chain script '/home/adam/projekt_turtlesim/install/setup.zsh'
