running egg_info
writing manifest file '../../build/zolw/zolw.egg-info/SOURCES.txt'
running build
running build_py
copying zolw/wielokat.py -> /home/adam/projekt_turtlesim/build/zolw/build/lib/zolw
copying zolw/pieciokat.py -> /home/adam/projekt_turtlesim/build/zolw/build/lib/zolw
copying zolw/kolo.py -> /home/adam/projekt_turtlesim/build/zolw/build/lib/zolw
copying zolw/szesciokat.py -> /home/adam/projekt_turtlesim/build/zolw/build/lib/zolw
copying zolw/gwiazda.py -> /home/adam/projekt_turtlesim/build/zolw/build/lib/zolw
copying zolw/kwadrat.py -> /home/adam/projekt_turtlesim/build/zolw/build/lib/zolw
running install
running install_lib
byte-compiling /home/adam/projekt_turtlesim/install/zolw/lib/python3.10/site-packages/zolw/wielokat.py to wielokat.cpython-310.pyc
byte-compiling /home/adam/projekt_turtlesim/install/zolw/lib/python3.10/site-packages/zolw/pieciokat.py to pieciokat.cpython-310.pyc
byte-compiling /home/adam/projekt_turtlesim/install/zolw/lib/python3.10/site-packages/zolw/kolo.py to kolo.cpython-310.pyc
byte-compiling /home/adam/projekt_turtlesim/install/zolw/lib/python3.10/site-packages/zolw/szesciokat.py to szesciokat.cpython-310.pyc
byte-compiling /home/adam/projekt_turtlesim/install/zolw/lib/python3.10/site-packages/zolw/gwiazda.py to gwiazda.cpython-310.pyc
byte-compiling /home/adam/projekt_turtlesim/install/zolw/lib/python3.10/site-packages/zolw/kwadrat.py to kwadrat.cpython-310.pyc
running install_data
running install_egg_info
removing '/home/adam/projekt_turtlesim/install/zolw/lib/python3.10/site-packages/zolw-0.0.0-py3.10.egg-info' (and everything under it)
Copying ../../build/zolw/zolw.egg-info to /home/adam/projekt_turtlesim/install/zolw/lib/python3.10/site-packages/zolw-0.0.0-py3.10.egg-info
running install_scripts
writing list of installed files to '/home/adam/projekt_turtlesim/build/zolw/install.log'
