[2.418s] Invoking command in '/home/adam/projekt_turtlesim/src/zolw': PYTHONPATH=/home/adam/projekt_turtlesim/build/zolw/prefix_override:/home/adam/projekt_turtlesim/install/zolw/lib/python3.10/site-packages:${PYTHONPATH} /usr/bin/python3 setup.py egg_info --egg-base ../../build/zolw build --build-base /home/adam/projekt_turtlesim/build/zolw/build install --record /home/adam/projekt_turtlesim/build/zolw/install.log --single-version-externally-managed
[3.619s] running egg_info
[3.644s] writing manifest file '../../build/zolw/zolw.egg-info/SOURCES.txt'
[3.646s] running build
[3.646s] running build_py
[3.647s] copying zolw/wielokat.py -> /home/adam/projekt_turtlesim/build/zolw/build/lib/zolw
[3.647s] copying zolw/pieciokat.py -> /home/adam/projekt_turtlesim/build/zolw/build/lib/zolw
[3.648s] copying zolw/kolo.py -> /home/adam/projekt_turtlesim/build/zolw/build/lib/zolw
[3.648s] copying zolw/szesciokat.py -> /home/adam/projekt_turtlesim/build/zolw/build/lib/zolw
[3.649s] copying zolw/gwiazda.py -> /home/adam/projekt_turtlesim/build/zolw/build/lib/zolw
[3.649s] copying zolw/kwadrat.py -> /home/adam/projekt_turtlesim/build/zolw/build/lib/zolw
[3.650s] running install
[3.653s] running install_lib
[3.672s] byte-compiling /home/adam/projekt_turtlesim/install/zolw/lib/python3.10/site-packages/zolw/wielokat.py to wielokat.cpython-310.pyc
[3.679s] byte-compiling /home/adam/projekt_turtlesim/install/zolw/lib/python3.10/site-packages/zolw/pieciokat.py to pieciokat.cpython-310.pyc
[3.683s] byte-compiling /home/adam/projekt_turtlesim/install/zolw/lib/python3.10/site-packages/zolw/kolo.py to kolo.cpython-310.pyc
[3.686s] byte-compiling /home/adam/projekt_turtlesim/install/zolw/lib/python3.10/site-packages/zolw/szesciokat.py to szesciokat.cpython-310.pyc
[3.690s] byte-compiling /home/adam/projekt_turtlesim/install/zolw/lib/python3.10/site-packages/zolw/gwiazda.py to gwiazda.cpython-310.pyc
[3.697s] byte-compiling /home/adam/projekt_turtlesim/install/zolw/lib/python3.10/site-packages/zolw/kwadrat.py to kwadrat.cpython-310.pyc
[3.699s] running install_data
[3.701s] running install_egg_info
[3.708s] removing '/home/adam/projekt_turtlesim/install/zolw/lib/python3.10/site-packages/zolw-0.0.0-py3.10.egg-info' (and everything under it)
[3.709s] Copying ../../build/zolw/zolw.egg-info to /home/adam/projekt_turtlesim/install/zolw/lib/python3.10/site-packages/zolw-0.0.0-py3.10.egg-info
[3.712s] running install_scripts
[3.802s] writing list of installed files to '/home/adam/projekt_turtlesim/build/zolw/install.log'
[3.898s] Invoked command in '/home/adam/projekt_turtlesim/src/zolw' returned '0': PYTHONPATH=/home/adam/projekt_turtlesim/build/zolw/prefix_override:/home/adam/projekt_turtlesim/install/zolw/lib/python3.10/site-packages:${PYTHONPATH} /usr/bin/python3 setup.py egg_info --egg-base ../../build/zolw build --build-base /home/adam/projekt_turtlesim/build/zolw/build install --record /home/adam/projekt_turtlesim/build/zolw/install.log --single-version-externally-managed
