/home/adam/projekt_turtlesim/install/zolw/lib/python3.10/site-packages/zolw/serce.py
/home/adam/projekt_turtlesim/install/zolw/lib/python3.10/site-packages/zolw/wielokat.py
/home/adam/projekt_turtlesim/install/zolw/lib/python3.10/site-packages/zolw/__init__.py
/home/adam/projekt_turtlesim/install/zolw/lib/python3.10/site-packages/zolw/pieciokat.py
/home/adam/projekt_turtlesim/install/zolw/lib/python3.10/site-packages/zolw/kolo.py
/home/adam/projekt_turtlesim/install/zolw/lib/python3.10/site-packages/zolw/kolo_ps.py
/home/adam/projekt_turtlesim/install/zolw/lib/python3.10/site-packages/zolw/szesciokat.py
/home/adam/projekt_turtlesim/install/zolw/lib/python3.10/site-packages/zolw/gwiazda.py
/home/adam/projekt_turtlesim/install/zolw/lib/python3.10/site-packages/zolw/kwadrat.py
/home/adam/projekt_turtlesim/install/zolw/lib/python3.10/site-packages/zolw/__pycache__/serce.cpython-310.pyc
/home/adam/projekt_turtlesim/install/zolw/lib/python3.10/site-packages/zolw/__pycache__/wielokat.cpython-310.pyc
/home/adam/projekt_turtlesim/install/zolw/lib/python3.10/site-packages/zolw/__pycache__/__init__.cpython-310.pyc
/home/adam/projekt_turtlesim/install/zolw/lib/python3.10/site-packages/zolw/__pycache__/pieciokat.cpython-310.pyc
/home/adam/projekt_turtlesim/install/zolw/lib/python3.10/site-packages/zolw/__pycache__/kolo.cpython-310.pyc
/home/adam/projekt_turtlesim/install/zolw/lib/python3.10/site-packages/zolw/__pycache__/kolo_ps.cpython-310.pyc
/home/adam/projekt_turtlesim/install/zolw/lib/python3.10/site-packages/zolw/__pycache__/szesciokat.cpython-310.pyc
/home/adam/projekt_turtlesim/install/zolw/lib/python3.10/site-packages/zolw/__pycache__/gwiazda.cpython-310.pyc
/home/adam/projekt_turtlesim/install/zolw/lib/python3.10/site-packages/zolw/__pycache__/kwadrat.cpython-310.pyc
/home/adam/projekt_turtlesim/install/zolw/share/ament_index/resource_index/packages/zolw
/home/adam/projekt_turtlesim/install/zolw/share/zolw/package.xml
/home/adam/projekt_turtlesim/install/zolw/lib/python3.10/site-packages/zolw-0.0.0-py3.10.egg-info/dependency_links.txt
/home/adam/projekt_turtlesim/install/zolw/lib/python3.10/site-packages/zolw-0.0.0-py3.10.egg-info/requires.txt
/home/adam/projekt_turtlesim/install/zolw/lib/python3.10/site-packages/zolw-0.0.0-py3.10.egg-info/entry_points.txt
/home/adam/projekt_turtlesim/install/zolw/lib/python3.10/site-packages/zolw-0.0.0-py3.10.egg-info/SOURCES.txt
/home/adam/projekt_turtlesim/install/zolw/lib/python3.10/site-packages/zolw-0.0.0-py3.10.egg-info/PKG-INFO
/home/adam/projekt_turtlesim/install/zolw/lib/python3.10/site-packages/zolw-0.0.0-py3.10.egg-info/top_level.txt
/home/adam/projekt_turtlesim/install/zolw/lib/python3.10/site-packages/zolw-0.0.0-py3.10.egg-info/zip-safe
/home/adam/projekt_turtlesim/install/zolw/lib/zolw/rysujgwiazda
/home/adam/projekt_turtlesim/install/zolw/lib/zolw/rysujkolo
/home/adam/projekt_turtlesim/install/zolw/lib/zolw/rysujkwadrat
/home/adam/projekt_turtlesim/install/zolw/lib/zolw/rysujpieciokat
/home/adam/projekt_turtlesim/install/zolw/lib/zolw/rysujszesciokat
/home/adam/projekt_turtlesim/install/zolw/lib/zolw/rysujwielokat
