[1.367s] Invoking command in '/home/adam/projekt_turtlesim/src/zolw': PYTHONPATH=/home/adam/projekt_turtlesim/build/zolw/prefix_override:/home/adam/projekt_turtlesim/install/zolw/lib/python3.10/site-packages:${PYTHONPATH} /usr/bin/python3 setup.py egg_info --egg-base ../../build/zolw build --build-base /home/adam/projekt_turtlesim/build/zolw/build install --record /home/adam/projekt_turtlesim/build/zolw/install.log --single-version-externally-managed
[1.877s] running egg_info
[1.885s] writing manifest file '../../build/zolw/zolw.egg-info/SOURCES.txt'
[1.885s] running build
[1.885s] running build_py
[1.886s] copying zolw/pieciokat.py -> /home/adam/projekt_turtlesim/build/zolw/build/lib/zolw
[1.886s] copying zolw/szesciokat.py -> /home/adam/projekt_turtlesim/build/zolw/build/lib/zolw
[1.887s] copying zolw/kwadrat.py -> /home/adam/projekt_turtlesim/build/zolw/build/lib/zolw
[1.887s] running install
[1.890s] running install_lib
[1.892s] byte-compiling /home/adam/projekt_turtlesim/install/zolw/lib/python3.10/site-packages/zolw/pieciokat.py to pieciokat.cpython-310.pyc
[1.894s] byte-compiling /home/adam/projekt_turtlesim/install/zolw/lib/python3.10/site-packages/zolw/szesciokat.py to szesciokat.cpython-310.pyc
[1.896s] byte-compiling /home/adam/projekt_turtlesim/install/zolw/lib/python3.10/site-packages/zolw/kwadrat.py to kwadrat.cpython-310.pyc
[1.898s] running install_data
[1.899s] running install_egg_info
[1.901s] removing '/home/adam/projekt_turtlesim/install/zolw/lib/python3.10/site-packages/zolw-0.0.0-py3.10.egg-info' (and everything under it)
[1.902s] Copying ../../build/zolw/zolw.egg-info to /home/adam/projekt_turtlesim/install/zolw/lib/python3.10/site-packages/zolw-0.0.0-py3.10.egg-info
[1.904s] running install_scripts
[1.939s] writing list of installed files to '/home/adam/projekt_turtlesim/build/zolw/install.log'
[1.984s] Invoked command in '/home/adam/projekt_turtlesim/src/zolw' returned '0': PYTHONPATH=/home/adam/projekt_turtlesim/build/zolw/prefix_override:/home/adam/projekt_turtlesim/install/zolw/lib/python3.10/site-packages:${PYTHONPATH} /usr/bin/python3 setup.py egg_info --egg-base ../../build/zolw build --build-base /home/adam/projekt_turtlesim/build/zolw/build install --record /home/adam/projekt_turtlesim/build/zolw/install.log --single-version-externally-managed
