[2.745s] Invoking command in '/home/adam/projekt_turtlesim/src/zolw': PYTHONPATH=/home/adam/projekt_turtlesim/build/zolw/prefix_override:/home/adam/projekt_turtlesim/install/zolw/lib/python3.10/site-packages:${PYTHONPATH} /usr/bin/python3 setup.py egg_info --egg-base ../../build/zolw build --build-base /home/adam/projekt_turtlesim/build/zolw/build install --record /home/adam/projekt_turtlesim/build/zolw/install.log --single-version-externally-managed
[3.331s] running egg_info
[3.340s] writing manifest file '../../build/zolw/zolw.egg-info/SOURCES.txt'
[3.341s] running build
[3.341s] running build_py
[3.341s] copying zolw/serce.py -> /home/adam/projekt_turtlesim/build/zolw/build/lib/zolw
[3.341s] copying zolw/szesciokat.py -> /home/adam/projekt_turtlesim/build/zolw/build/lib/zolw
[3.345s] copying zolw/kwadrat.py -> /home/adam/projekt_turtlesim/build/zolw/build/lib/zolw
[3.345s] running install
[3.345s] running install_lib
[3.347s] byte-compiling /home/adam/projekt_turtlesim/install/zolw/lib/python3.10/site-packages/zolw/serce.py to serce.cpython-310.pyc
[3.348s] byte-compiling /home/adam/projekt_turtlesim/install/zolw/lib/python3.10/site-packages/zolw/szesciokat.py to szesciokat.cpython-310.pyc
[3.351s] byte-compiling /home/adam/projekt_turtlesim/install/zolw/lib/python3.10/site-packages/zolw/kwadrat.py to kwadrat.cpython-310.pyc
[3.352s] running install_data
[3.353s] running install_egg_info
[3.355s] removing '/home/adam/projekt_turtlesim/install/zolw/lib/python3.10/site-packages/zolw-0.0.0-py3.10.egg-info' (and everything under it)
[3.356s] Copying ../../build/zolw/zolw.egg-info to /home/adam/projekt_turtlesim/install/zolw/lib/python3.10/site-packages/zolw-0.0.0-py3.10.egg-info
[3.357s] running install_scripts
[3.404s] writing list of installed files to '/home/adam/projekt_turtlesim/build/zolw/install.log'
[3.452s] Invoked command in '/home/adam/projekt_turtlesim/src/zolw' returned '0': PYTHONPATH=/home/adam/projekt_turtlesim/build/zolw/prefix_override:/home/adam/projekt_turtlesim/install/zolw/lib/python3.10/site-packages:${PYTHONPATH} /usr/bin/python3 setup.py egg_info --egg-base ../../build/zolw build --build-base /home/adam/projekt_turtlesim/build/zolw/build install --record /home/adam/projekt_turtlesim/build/zolw/install.log --single-version-externally-managed
