running egg_info
creating ../../build/zolw/zolw.egg-info
writing manifest file '../../build/zolw/zolw.egg-info/SOURCES.txt'
writing manifest file '../../build/zolw/zolw.egg-info/SOURCES.txt'
running build
running build_py
creating /home/adam/projekt_turtlesim/build/zolw/build
creating /home/adam/projekt_turtlesim/build/zolw/build/lib
creating /home/adam/projekt_turtlesim/build/zolw/build/lib/zolw
copying zolw/__init__.py -> /home/adam/projekt_turtlesim/build/zolw/build/lib/zolw
copying zolw/kolo.py -> /home/adam/projekt_turtlesim/build/zolw/build/lib/zolw
copying zolw/kwadrat.py -> /home/adam/projekt_turtlesim/build/zolw/build/lib/zolw
running install
running install_lib
creating /home/adam/projekt_turtlesim/install/zolw/lib/python3.10/site-packages/zolw
byte-compiling /home/adam/projekt_turtlesim/install/zolw/lib/python3.10/site-packages/zolw/__init__.py to __init__.cpython-310.pyc
byte-compiling /home/adam/projekt_turtlesim/install/zolw/lib/python3.10/site-packages/zolw/kolo.py to kolo.cpython-310.pyc
byte-compiling /home/adam/projekt_turtlesim/install/zolw/lib/python3.10/site-packages/zolw/kwadrat.py to kwadrat.cpython-310.pyc
running install_data
creating /home/adam/projekt_turtlesim/install/zolw/share
creating /home/adam/projekt_turtlesim/install/zolw/share/ament_index
creating /home/adam/projekt_turtlesim/install/zolw/share/ament_index/resource_index
creating /home/adam/projekt_turtlesim/install/zolw/share/ament_index/resource_index/packages
copying resource/zolw -> /home/adam/projekt_turtlesim/install/zolw/share/ament_index/resource_index/packages
creating /home/adam/projekt_turtlesim/install/zolw/share/zolw
copying package.xml -> /home/adam/projekt_turtlesim/install/zolw/share/zolw
running install_egg_info
Copying ../../build/zolw/zolw.egg-info to /home/adam/projekt_turtlesim/install/zolw/lib/python3.10/site-packages/zolw-0.0.0-py3.10.egg-info
running install_scripts
writing list of installed files to '/home/adam/projekt_turtlesim/build/zolw/install.log'
