[1.243s] Invoking command in '/home/adam/projekt_turtlesim/src/zolw': PYTHONPATH=/home/adam/projekt_turtlesim/build/zolw/prefix_override:/home/adam/projekt_turtlesim/install/zolw/lib/python3.10/site-packages:${PYTHONPATH} /usr/bin/python3 setup.py egg_info --egg-base ../../build/zolw build --build-base /home/adam/projekt_turtlesim/build/zolw/build install --record /home/adam/projekt_turtlesim/build/zolw/install.log --single-version-externally-managed
[1.716s] running egg_info
[1.716s] creating ../../build/zolw/zolw.egg-info
[1.718s] writing manifest file '../../build/zolw/zolw.egg-info/SOURCES.txt'
[1.722s] writing manifest file '../../build/zolw/zolw.egg-info/SOURCES.txt'
[1.722s] running build
[1.722s] running build_py
[1.722s] creating /home/adam/projekt_turtlesim/build/zolw/build
[1.722s] creating /home/adam/projekt_turtlesim/build/zolw/build/lib
[1.723s] creating /home/adam/projekt_turtlesim/build/zolw/build/lib/zolw
[1.723s] copying zolw/__init__.py -> /home/adam/projekt_turtlesim/build/zolw/build/lib/zolw
[1.723s] copying zolw/kolo.py -> /home/adam/projekt_turtlesim/build/zolw/build/lib/zolw
[1.723s] copying zolw/kwadrat.py -> /home/adam/projekt_turtlesim/build/zolw/build/lib/zolw
[1.723s] running install
[1.724s] running install_lib
[1.725s] creating /home/adam/projekt_turtlesim/install/zolw/lib/python3.10/site-packages/zolw
[1.726s] byte-compiling /home/adam/projekt_turtlesim/install/zolw/lib/python3.10/site-packages/zolw/__init__.py to __init__.cpython-310.pyc
[1.726s] byte-compiling /home/adam/projekt_turtlesim/install/zolw/lib/python3.10/site-packages/zolw/kolo.py to kolo.cpython-310.pyc
[1.727s] byte-compiling /home/adam/projekt_turtlesim/install/zolw/lib/python3.10/site-packages/zolw/kwadrat.py to kwadrat.cpython-310.pyc
[1.727s] running install_data
[1.728s] creating /home/adam/projekt_turtlesim/install/zolw/share
[1.729s] creating /home/adam/projekt_turtlesim/install/zolw/share/ament_index
[1.729s] creating /home/adam/projekt_turtlesim/install/zolw/share/ament_index/resource_index
[1.729s] creating /home/adam/projekt_turtlesim/install/zolw/share/ament_index/resource_index/packages
[1.729s] copying resource/zolw -> /home/adam/projekt_turtlesim/install/zolw/share/ament_index/resource_index/packages
[1.729s] creating /home/adam/projekt_turtlesim/install/zolw/share/zolw
[1.729s] copying package.xml -> /home/adam/projekt_turtlesim/install/zolw/share/zolw
[1.729s] running install_egg_info
[1.731s] Copying ../../build/zolw/zolw.egg-info to /home/adam/projekt_turtlesim/install/zolw/lib/python3.10/site-packages/zolw-0.0.0-py3.10.egg-info
[1.732s] running install_scripts
[1.766s] writing list of installed files to '/home/adam/projekt_turtlesim/build/zolw/install.log'
[1.804s] Invoked command in '/home/adam/projekt_turtlesim/src/zolw' returned '0': PYTHONPATH=/home/adam/projekt_turtlesim/build/zolw/prefix_override:/home/adam/projekt_turtlesim/install/zolw/lib/python3.10/site-packages:${PYTHONPATH} /usr/bin/python3 setup.py egg_info --egg-base ../../build/zolw build --build-base /home/adam/projekt_turtlesim/build/zolw/build install --record /home/adam/projekt_turtlesim/build/zolw/install.log --single-version-externally-managed
